<?xml version="1.0" encoding="UTF-8" ?>
<testsuite tests="2" failures="2" name="ar.edu.info.oo1.ej3_presupuestos.ItemTest" time="0.001" errors="0" skipped="0">
  <properties>
[...]
</properties>
  <testcase classname="ar.edu.info.oo1.ej3_presupuestos.ItemTest" name="ar.edu.info.oo1.ej3_presupuestos.ItemTest.testCosto" time="0.001">
    <failure type="java.lang.NullPointerException">java.lang.NullPointerException
	at ar.edu.info.oo1.ej3_presupuestos.ItemTest.testCosto(ItemTest.java:19)
</failure>
  </testcase>
  <testcase classname="ar.edu.info.oo1.ej3_presupuestos.ItemTest" name="ar.edu.info.oo1.ej3_presupuestos.ItemTest.testCostoUnitario" time="0">
    <failure type="java.lang.NullPointerException">java.lang.NullPointerException
	at ar.edu.info.oo1.ej3_presupuestos.ItemTest.testCostoUnitario(ItemTest.java:24)
</failure>
  </testcase>
</testsuite>